<?xml version="1.0" encoding="UTF-8"?>
<testsuite name="com.mindex.challenge.service.impl.EmployeeServiceImplTest" tests="1" skipped="0" failures="0" errors="0" timestamp="2020-11-10T17:32:31" hostname="DESKTOP-ADFF8J7" time="0.061">
  <properties/>
  <testcase name="testCreateReadUpdate" classname="com.mindex.challenge.service.impl.EmployeeServiceImplTest" time="0.061"/>
  <system-out><![CDATA[2020-11-10 12:32:31.622  INFO 29508 --- [    Test worker] .b.t.c.SpringBootTestContextBootstrapper : Neither @ContextConfiguration nor @ContextHierarchy found for test class [com.mindex.challenge.service.impl.EmployeeServiceImplTest], using SpringBootContextLoader
2020-11-10 12:32:31.623  INFO 29508 --- [    Test worker] o.s.t.c.support.AbstractContextLoader    : Could not detect default resource locations for test class [com.mindex.challenge.service.impl.EmployeeServiceImplTest]: no resource found for suffixes {-context.xml, Context.groovy}.
2020-11-10 12:32:31.623  INFO 29508 --- [    Test worker] t.c.s.AnnotationConfigContextLoaderUtils : Could not detect default configuration classes for test class [com.mindex.challenge.service.impl.EmployeeServiceImplTest]: EmployeeServiceImplTest does not declare any static, non-private, non-final, nested classes annotated with @Configuration.
2020-11-10 12:32:31.627  INFO 29508 --- [    Test worker] .b.t.c.SpringBootTestContextBootstrapper : Found @SpringBootConfiguration com.mindex.challenge.ChallengeApplication for test class com.mindex.challenge.service.impl.EmployeeServiceImplTest
2020-11-10 12:32:31.629  INFO 29508 --- [    Test worker] .b.t.c.SpringBootTestContextBootstrapper : Loaded default TestExecutionListener class names from location [META-INF/spring.factories]: [org.springframework.boot.test.autoconfigure.restdocs.RestDocsTestExecutionListener, org.springframework.boot.test.autoconfigure.web.client.MockRestServiceServerResetTestExecutionListener, org.springframework.boot.test.autoconfigure.web.servlet.MockMvcPrintOnlyOnFailureTestExecutionListener, org.springframework.boot.test.autoconfigure.web.servlet.WebDriverTestExecutionListener, org.springframework.boot.test.mock.mockito.MockitoTestExecutionListener, org.springframework.boot.test.mock.mockito.ResetMocksTestExecutionListener, org.springframework.test.context.web.ServletTestExecutionListener, org.springframework.test.context.support.DirtiesContextBeforeModesTestExecutionListener, org.springframework.test.context.support.DependencyInjectionTestExecutionListener, org.springframework.test.context.support.DirtiesContextTestExecutionListener, org.springframework.test.context.transaction.TransactionalTestExecutionListener, org.springframework.test.context.jdbc.SqlScriptsTestExecutionListener, org.springframework.test.context.event.EventPublishingTestExecutionListener]
2020-11-10 12:32:31.630  INFO 29508 --- [    Test worker] .b.t.c.SpringBootTestContextBootstrapper : Using TestExecutionListeners: [org.springframework.test.context.web.ServletTestExecutionListener@3fc1d0e3, org.springframework.test.context.support.DirtiesContextBeforeModesTestExecutionListener@450c8928, org.springframework.boot.test.mock.mockito.MockitoTestExecutionListener@3771ce23, org.springframework.boot.test.autoconfigure.SpringBootDependencyInjectionTestExecutionListener@43c6a233, org.springframework.test.context.support.DirtiesContextTestExecutionListener@72313460, org.springframework.test.context.transaction.TransactionalTestExecutionListener@5355b6c7, org.springframework.test.context.jdbc.SqlScriptsTestExecutionListener@6aec6a58, org.springframework.test.context.event.EventPublishingTestExecutionListener@1ccd9a0c, org.springframework.boot.test.autoconfigure.restdocs.RestDocsTestExecutionListener@67a43fc1, org.springframework.boot.test.autoconfigure.web.client.MockRestServiceServerResetTestExecutionListener@19b94e7c, org.springframework.boot.test.autoconfigure.web.servlet.MockMvcPrintOnlyOnFailureTestExecutionListener@108e59b9, org.springframework.boot.test.autoconfigure.web.servlet.WebDriverTestExecutionListener@60e3ac5e, org.springframework.boot.test.mock.mockito.ResetMocksTestExecutionListener@267fddb4]
2020-11-10 12:32:31.642 DEBUG 29508 --- [o-auto-1-exec-4] c.m.c.controller.EmployeeController      : Received employee create request for [com.mindex.challenge.data.Employee@ce5ffc3]
2020-11-10 12:32:31.643 DEBUG 29508 --- [o-auto-1-exec-4] c.m.c.service.impl.EmployeeServiceImpl   : Creating employee [com.mindex.challenge.data.Employee@ce5ffc3]
2020-11-10 12:32:31.652 DEBUG 29508 --- [o-auto-1-exec-5] c.m.c.controller.EmployeeController      : Received employee create request for id [60f61806-fdc6-4e78-a709-e08918da7178]
2020-11-10 12:32:31.652 DEBUG 29508 --- [o-auto-1-exec-5] c.m.c.service.impl.EmployeeServiceImpl   : Creating employee with id [60f61806-fdc6-4e78-a709-e08918da7178]
2020-11-10 12:32:31.666 DEBUG 29508 --- [o-auto-1-exec-6] c.m.c.controller.EmployeeController      : Received employee create request for id [60f61806-fdc6-4e78-a709-e08918da7178] and employee [com.mindex.challenge.data.Employee@2ec33135]
2020-11-10 12:32:31.666 DEBUG 29508 --- [o-auto-1-exec-6] c.m.c.service.impl.EmployeeServiceImpl   : Updating employee [com.mindex.challenge.data.Employee@2ec33135]
]]></system-out>
  <system-err><![CDATA[]]></system-err>
</testsuite>
