<?xml version="1.0" encoding="UTF-8"?>
<testsuite name="com.mindex.challenge.service.impl.CompensationServiceImplTest" tests="1" skipped="0" failures="0" errors="0" timestamp="2020-11-10T17:32:31" hostname="DESKTOP-ADFF8J7" time="0.511">
  <properties/>
  <testcase name="testCreateRead" classname="com.mindex.challenge.service.impl.CompensationServiceImplTest" time="0.511"/>
  <system-out><![CDATA[2020-11-10 12:32:28.406  INFO 29508 --- [    Test worker] .b.t.c.SpringBootTestContextBootstrapper : Neither @ContextConfiguration nor @ContextHierarchy found for test class [com.mindex.challenge.service.impl.CompensationServiceImplTest], using SpringBootContextLoader
2020-11-10 12:32:28.408  INFO 29508 --- [    Test worker] o.s.t.c.support.AbstractContextLoader    : Could not detect default resource locations for test class [com.mindex.challenge.service.impl.CompensationServiceImplTest]: no resource found for suffixes {-context.xml, Context.groovy}.
2020-11-10 12:32:28.409  INFO 29508 --- [    Test worker] t.c.s.AnnotationConfigContextLoaderUtils : Could not detect default configuration classes for test class [com.mindex.challenge.service.impl.CompensationServiceImplTest]: CompensationServiceImplTest does not declare any static, non-private, non-final, nested classes annotated with @Configuration.
2020-11-10 12:32:28.434  INFO 29508 --- [    Test worker] .b.t.c.SpringBootTestContextBootstrapper : Found @SpringBootConfiguration com.mindex.challenge.ChallengeApplication for test class com.mindex.challenge.service.impl.CompensationServiceImplTest
2020-11-10 12:32:28.436  INFO 29508 --- [    Test worker] .b.t.c.SpringBootTestContextBootstrapper : Loaded default TestExecutionListener class names from location [META-INF/spring.factories]: [org.springframework.boot.test.autoconfigure.restdocs.RestDocsTestExecutionListener, org.springframework.boot.test.autoconfigure.web.client.MockRestServiceServerResetTestExecutionListener, org.springframework.boot.test.autoconfigure.web.servlet.MockMvcPrintOnlyOnFailureTestExecutionListener, org.springframework.boot.test.autoconfigure.web.servlet.WebDriverTestExecutionListener, org.springframework.boot.test.mock.mockito.MockitoTestExecutionListener, org.springframework.boot.test.mock.mockito.ResetMocksTestExecutionListener, org.springframework.test.context.web.ServletTestExecutionListener, org.springframework.test.context.support.DirtiesContextBeforeModesTestExecutionListener, org.springframework.test.context.support.DependencyInjectionTestExecutionListener, org.springframework.test.context.support.DirtiesContextTestExecutionListener, org.springframework.test.context.transaction.TransactionalTestExecutionListener, org.springframework.test.context.jdbc.SqlScriptsTestExecutionListener, org.springframework.test.context.event.EventPublishingTestExecutionListener]
2020-11-10 12:32:28.440  INFO 29508 --- [    Test worker] .b.t.c.SpringBootTestContextBootstrapper : Using TestExecutionListeners: [org.springframework.test.context.web.ServletTestExecutionListener@3f1411ed, org.springframework.test.context.support.DirtiesContextBeforeModesTestExecutionListener@1a7dc7d2, org.springframework.boot.test.mock.mockito.MockitoTestExecutionListener@6d90f613, org.springframework.boot.test.autoconfigure.SpringBootDependencyInjectionTestExecutionListener@58422ebc, org.springframework.test.context.support.DirtiesContextTestExecutionListener@4746d720, org.springframework.test.context.transaction.TransactionalTestExecutionListener@3371cb4d, org.springframework.test.context.jdbc.SqlScriptsTestExecutionListener@59bb835e, org.springframework.test.context.event.EventPublishingTestExecutionListener@1045611b, org.springframework.boot.test.autoconfigure.restdocs.RestDocsTestExecutionListener@61cb4be4, org.springframework.boot.test.autoconfigure.web.client.MockRestServiceServerResetTestExecutionListener@5c5dcf33, org.springframework.boot.test.autoconfigure.web.servlet.MockMvcPrintOnlyOnFailureTestExecutionListener@59f90695, org.springframework.boot.test.autoconfigure.web.servlet.WebDriverTestExecutionListener@628fe908, org.springframework.boot.test.mock.mockito.ResetMocksTestExecutionListener@59200ad6]

  .   ____          _            __ _ _
 /\\ / ___'_ __ _ _(_)_ __  __ _ \ \ \ \
( ( )\___ | '_ | '_| | '_ \/ _` | \ \ \ \
 \\/  ___)| |_)| | | | | || (_| |  ) ) ) )
  '  |____| .__|_| |_|_| |_\__, | / / / /
 =========|_|==============|___/=/_/_/_/
 :: Spring Boot ::        (v2.2.0.RELEASE)

2020-11-10 12:32:28.509  INFO 29508 --- [    Test worker] c.m.c.s.i.CompensationServiceImplTest    : Starting CompensationServiceImplTest on DESKTOP-ADFF8J7 with PID 29508 (started by vivek in C:\Users\vivek\Downloads\mindex-java-code-challenge)
2020-11-10 12:32:28.509 DEBUG 29508 --- [    Test worker] c.m.c.s.i.CompensationServiceImplTest    : Running with Spring Boot v2.2.0.RELEASE, Spring v5.2.0.RELEASE
2020-11-10 12:32:28.510  INFO 29508 --- [    Test worker] c.m.c.s.i.CompensationServiceImplTest    : No active profile set, falling back to default profiles: default
2020-11-10 12:32:28.812  INFO 29508 --- [    Test worker] .s.d.r.c.RepositoryConfigurationDelegate : Bootstrapping Spring Data repositories in DEFAULT mode.
2020-11-10 12:32:28.827  INFO 29508 --- [    Test worker] .s.d.r.c.RepositoryConfigurationDelegate : Finished Spring Data repository scanning in 15ms. Found 2 repository interfaces.
2020-11-10 12:32:29.486  INFO 29508 --- [    Test worker] o.s.b.w.embedded.tomcat.TomcatWebServer  : Tomcat initialized with port(s): 0 (http)
2020-11-10 12:32:29.511  INFO 29508 --- [    Test worker] o.apache.catalina.core.StandardService   : Starting service [Tomcat]
2020-11-10 12:32:29.512  INFO 29508 --- [    Test worker] org.apache.catalina.core.StandardEngine  : Starting Servlet engine: [Apache Tomcat/9.0.27]
2020-11-10 12:32:29.809  INFO 29508 --- [    Test worker] o.a.c.c.C.[Tomcat].[localhost].[/]       : Initializing Spring embedded WebApplicationContext
2020-11-10 12:32:29.810  INFO 29508 --- [    Test worker] o.s.web.context.ContextLoader            : Root WebApplicationContext: initialization completed in 1293 ms
2020-11-10 12:32:30.198  INFO 29508 --- [    Test worker] de.bwaldvogel.mongo.MongoServer          : started MongoServer(port: 3261, ssl: false)
2020-11-10 12:32:30.201  INFO 29508 --- [    Test worker] org.mongodb.driver.cluster               : Cluster created with settings {hosts=[127.0.0.1:3261], mode=SINGLE, requiredClusterType=UNKNOWN, serverSelectionTimeout='30000 ms', maxWaitQueueSize=500}
2020-11-10 12:32:30.208  INFO 29508 --- [-server-worker1] d.b.mongo.wire.MongoWireProtocolHandler  : client [id: 0xad765b57, L:/127.0.0.1:3261 - R:/127.0.0.1:3262] connected
2020-11-10 12:32:30.222  WARN 29508 --- [    Test worker] o.s.data.convert.CustomConversions       : Registering converter from class java.time.LocalDateTime to class java.time.Instant as reading converter although it doesn't convert from a store-supported type! You might wanna check you annotation setup at the converter implementation.
2020-11-10 12:32:30.222  WARN 29508 --- [    Test worker] o.s.data.convert.CustomConversions       : Registering converter from class java.time.Instant to class java.time.LocalDateTime as reading converter although it doesn't convert from a store-supported type! You might wanna check you annotation setup at the converter implementation.
2020-11-10 12:32:30.229  WARN 29508 --- [    Test worker] o.s.data.convert.CustomConversions       : Registering converter from class java.time.LocalDateTime to class java.time.Instant as reading converter although it doesn't convert from a store-supported type! You might wanna check you annotation setup at the converter implementation.
2020-11-10 12:32:30.230  WARN 29508 --- [    Test worker] o.s.data.convert.CustomConversions       : Registering converter from class java.time.Instant to class java.time.LocalDateTime as reading converter although it doesn't convert from a store-supported type! You might wanna check you annotation setup at the converter implementation.
2020-11-10 12:32:30.239  INFO 29508 --- [-127.0.0.1:3261] org.mongodb.driver.connection            : Opened connection [connectionId{localValue:3}] to 127.0.0.1:3261
2020-11-10 12:32:30.242  INFO 29508 --- [-127.0.0.1:3261] org.mongodb.driver.cluster               : Monitor thread successfully connected to server with description ServerDescription{address=127.0.0.1:3261, type=STANDALONE, state=CONNECTED, ok=true, version=ServerVersion{versionList=[3, 0, 0]}, minWireVersion=0, maxWireVersion=2, maxDocumentSize=16777216, logicalSessionTimeoutMinutes=null, roundTripTimeNanos=1602700}
2020-11-10 12:32:30.355  INFO 29508 --- [-server-worker2] d.b.mongo.wire.MongoWireProtocolHandler  : client [id: 0x34b16cff, L:/127.0.0.1:3261 - R:/127.0.0.1:3263] connected
2020-11-10 12:32:30.386  INFO 29508 --- [    Test worker] org.mongodb.driver.connection            : Opened connection [connectionId{localValue:4}] to 127.0.0.1:3261
2020-11-10 12:32:30.388  INFO 29508 --- [-server-worker2] d.b.mongo.backend.AbstractMongoBackend   : created database test
2020-11-10 12:32:30.388  INFO 29508 --- [-server-worker2] d.b.mongo.backend.AbstractMongoDatabase  : adding unique _id index for collection employee
2020-11-10 12:32:30.388  INFO 29508 --- [-server-worker2] d.b.mongo.backend.AbstractMongoDatabase  : created collection test.employee
2020-11-10 12:32:30.662  INFO 29508 --- [    Test worker] o.s.s.concurrent.ThreadPoolTaskExecutor  : Initializing ExecutorService 'applicationTaskExecutor'
2020-11-10 12:32:30.901  WARN 29508 --- [    Test worker] o.s.data.convert.CustomConversions       : Registering converter from class java.time.LocalDateTime to class java.time.Instant as reading converter although it doesn't convert from a store-supported type! You might wanna check you annotation setup at the converter implementation.
2020-11-10 12:32:30.901  WARN 29508 --- [    Test worker] o.s.data.convert.CustomConversions       : Registering converter from class java.time.Instant to class java.time.LocalDateTime as reading converter although it doesn't convert from a store-supported type! You might wanna check you annotation setup at the converter implementation.
2020-11-10 12:32:30.938  WARN 29508 --- [    Test worker] o.s.data.convert.CustomConversions       : Registering converter from class java.time.LocalDateTime to class java.time.Instant as reading converter although it doesn't convert from a store-supported type! You might wanna check you annotation setup at the converter implementation.
2020-11-10 12:32:30.939  WARN 29508 --- [    Test worker] o.s.data.convert.CustomConversions       : Registering converter from class java.time.Instant to class java.time.LocalDateTime as reading converter although it doesn't convert from a store-supported type! You might wanna check you annotation setup at the converter implementation.
2020-11-10 12:32:31.096  INFO 29508 --- [    Test worker] o.s.b.w.embedded.tomcat.TomcatWebServer  : Tomcat started on port(s): 3265 (http) with context path ''
2020-11-10 12:32:31.099  INFO 29508 --- [    Test worker] c.m.c.s.i.CompensationServiceImplTest    : Started CompensationServiceImplTest in 2.655 seconds (JVM running for 14.022)
2020-11-10 12:32:31.392  INFO 29508 --- [o-auto-1-exec-1] o.a.c.c.C.[Tomcat].[localhost].[/]       : Initializing Spring DispatcherServlet 'dispatcherServlet'
2020-11-10 12:32:31.392  INFO 29508 --- [o-auto-1-exec-1] o.s.web.servlet.DispatcherServlet        : Initializing Servlet 'dispatcherServlet'
2020-11-10 12:32:31.442  INFO 29508 --- [o-auto-1-exec-1] o.s.web.servlet.DispatcherServlet        : Completed initialization in 49 ms
2020-11-10 12:32:31.510 DEBUG 29508 --- [o-auto-1-exec-1] c.m.c.controller.EmployeeController      : Received employee create request for [com.mindex.challenge.data.Employee@336a2c14]
2020-11-10 12:32:31.510 DEBUG 29508 --- [o-auto-1-exec-1] c.m.c.service.impl.EmployeeServiceImpl   : Creating employee [com.mindex.challenge.data.Employee@336a2c14]
2020-11-10 12:32:31.575 DEBUG 29508 --- [o-auto-1-exec-2] c.m.c.controller.CompensationController  : Received compensation create request for [com.mindex.challenge.data.Compensation@c14a11b]
2020-11-10 12:32:31.575 DEBUG 29508 --- [o-auto-1-exec-2] c.m.c.s.impl.CompensationServiceImpl     : Creating Compensation [com.mindex.challenge.data.Compensation@c14a11b]
2020-11-10 12:32:31.584  INFO 29508 --- [-server-worker2] d.b.mongo.backend.AbstractMongoDatabase  : adding unique _id index for collection compensation
2020-11-10 12:32:31.585  INFO 29508 --- [-server-worker2] d.b.mongo.backend.AbstractMongoDatabase  : created collection test.compensation
2020-11-10 12:32:31.599 DEBUG 29508 --- [o-auto-1-exec-3] c.m.c.controller.CompensationController  : Received compensation read request for employee id [4004dd06-369b-4011-989e-e23057b094e4]
2020-11-10 12:32:31.600 DEBUG 29508 --- [o-auto-1-exec-3] c.m.c.s.impl.CompensationServiceImpl     : Reading compensation with employee id [4004dd06-369b-4011-989e-e23057b094e4]
]]></system-out>
  <system-err><![CDATA[]]></system-err>
</testsuite>
