<?xml version="1.0" encoding="UTF-8"?>
<testsuite name="com.mindex.challenge.DataBootstrapTest" tests="1" skipped="0" failures="0" errors="0" timestamp="2020-11-10T17:32:28" hostname="DESKTOP-ADFF8J7" time="0.015">
  <properties/>
  <testcase name="test" classname="com.mindex.challenge.DataBootstrapTest" time="0.015"/>
  <system-out><![CDATA[2020-11-10 12:32:28.356  INFO 29508 --- [    Test worker] .b.t.c.SpringBootTestContextBootstrapper : Neither @ContextConfiguration nor @ContextHierarchy found for test class [com.mindex.challenge.DataBootstrapTest], using SpringBootContextLoader
2020-11-10 12:32:28.359  INFO 29508 --- [    Test worker] o.s.t.c.support.AbstractContextLoader    : Could not detect default resource locations for test class [com.mindex.challenge.DataBootstrapTest]: no resource found for suffixes {-context.xml, Context.groovy}.
2020-11-10 12:32:28.359  INFO 29508 --- [    Test worker] t.c.s.AnnotationConfigContextLoaderUtils : Could not detect default configuration classes for test class [com.mindex.challenge.DataBootstrapTest]: DataBootstrapTest does not declare any static, non-private, non-final, nested classes annotated with @Configuration.
2020-11-10 12:32:28.363  INFO 29508 --- [    Test worker] .b.t.c.SpringBootTestContextBootstrapper : Found @SpringBootConfiguration com.mindex.challenge.ChallengeApplication for test class com.mindex.challenge.DataBootstrapTest
2020-11-10 12:32:28.370  INFO 29508 --- [    Test worker] .b.t.c.SpringBootTestContextBootstrapper : Loaded default TestExecutionListener class names from location [META-INF/spring.factories]: [org.springframework.boot.test.autoconfigure.restdocs.RestDocsTestExecutionListener, org.springframework.boot.test.autoconfigure.web.client.MockRestServiceServerResetTestExecutionListener, org.springframework.boot.test.autoconfigure.web.servlet.MockMvcPrintOnlyOnFailureTestExecutionListener, org.springframework.boot.test.autoconfigure.web.servlet.WebDriverTestExecutionListener, org.springframework.boot.test.mock.mockito.MockitoTestExecutionListener, org.springframework.boot.test.mock.mockito.ResetMocksTestExecutionListener, org.springframework.test.context.web.ServletTestExecutionListener, org.springframework.test.context.support.DirtiesContextBeforeModesTestExecutionListener, org.springframework.test.context.support.DependencyInjectionTestExecutionListener, org.springframework.test.context.support.DirtiesContextTestExecutionListener, org.springframework.test.context.transaction.TransactionalTestExecutionListener, org.springframework.test.context.jdbc.SqlScriptsTestExecutionListener, org.springframework.test.context.event.EventPublishingTestExecutionListener]
2020-11-10 12:32:28.372  INFO 29508 --- [    Test worker] .b.t.c.SpringBootTestContextBootstrapper : Using TestExecutionListeners: [org.springframework.test.context.web.ServletTestExecutionListener@484f312, org.springframework.test.context.support.DirtiesContextBeforeModesTestExecutionListener@149442e6, org.springframework.boot.test.mock.mockito.MockitoTestExecutionListener@1430f0ad, org.springframework.boot.test.autoconfigure.SpringBootDependencyInjectionTestExecutionListener@3e4c22fc, org.springframework.test.context.support.DirtiesContextTestExecutionListener@1d735a44, org.springframework.test.context.transaction.TransactionalTestExecutionListener@2bc6a87e, org.springframework.test.context.jdbc.SqlScriptsTestExecutionListener@38e08033, org.springframework.test.context.event.EventPublishingTestExecutionListener@67e40e11, org.springframework.boot.test.autoconfigure.restdocs.RestDocsTestExecutionListener@60c2c9d3, org.springframework.boot.test.autoconfigure.web.client.MockRestServiceServerResetTestExecutionListener@7e5918ed, org.springframework.boot.test.autoconfigure.web.servlet.MockMvcPrintOnlyOnFailureTestExecutionListener@4204ee0d, org.springframework.boot.test.autoconfigure.web.servlet.WebDriverTestExecutionListener@557e4da, org.springframework.boot.test.mock.mockito.ResetMocksTestExecutionListener@73ad39f2]
]]></system-out>
  <system-err><![CDATA[]]></system-err>
</testsuite>
