<?xml version="1.0" encoding="UTF-8"?>
<testsuite name="com.mindex.challenge.service.impl.ReportingStructureServiceImplTest" tests="1" skipped="0" failures="0" errors="0" timestamp="2020-11-10T17:32:31" hostname="DESKTOP-ADFF8J7" time="0.06">
  <properties/>
  <testcase name="testCreateReadUpdate" classname="com.mindex.challenge.service.impl.ReportingStructureServiceImplTest" time="0.06"/>
  <system-out><![CDATA[2020-11-10 12:32:31.700  INFO 29508 --- [    Test worker] .b.t.c.SpringBootTestContextBootstrapper : Neither @ContextConfiguration nor @ContextHierarchy found for test class [com.mindex.challenge.service.impl.ReportingStructureServiceImplTest], using SpringBootContextLoader
2020-11-10 12:32:31.702  INFO 29508 --- [    Test worker] o.s.t.c.support.AbstractContextLoader    : Could not detect default resource locations for test class [com.mindex.challenge.service.impl.ReportingStructureServiceImplTest]: no resource found for suffixes {-context.xml, Context.groovy}.
2020-11-10 12:32:31.702  INFO 29508 --- [    Test worker] t.c.s.AnnotationConfigContextLoaderUtils : Could not detect default configuration classes for test class [com.mindex.challenge.service.impl.ReportingStructureServiceImplTest]: ReportingStructureServiceImplTest does not declare any static, non-private, non-final, nested classes annotated with @Configuration.
2020-11-10 12:32:31.706  INFO 29508 --- [    Test worker] .b.t.c.SpringBootTestContextBootstrapper : Found @SpringBootConfiguration com.mindex.challenge.ChallengeApplication for test class com.mindex.challenge.service.impl.ReportingStructureServiceImplTest
2020-11-10 12:32:31.709  INFO 29508 --- [    Test worker] .b.t.c.SpringBootTestContextBootstrapper : Loaded default TestExecutionListener class names from location [META-INF/spring.factories]: [org.springframework.boot.test.autoconfigure.restdocs.RestDocsTestExecutionListener, org.springframework.boot.test.autoconfigure.web.client.MockRestServiceServerResetTestExecutionListener, org.springframework.boot.test.autoconfigure.web.servlet.MockMvcPrintOnlyOnFailureTestExecutionListener, org.springframework.boot.test.autoconfigure.web.servlet.WebDriverTestExecutionListener, org.springframework.boot.test.mock.mockito.MockitoTestExecutionListener, org.springframework.boot.test.mock.mockito.ResetMocksTestExecutionListener, org.springframework.test.context.web.ServletTestExecutionListener, org.springframework.test.context.support.DirtiesContextBeforeModesTestExecutionListener, org.springframework.test.context.support.DependencyInjectionTestExecutionListener, org.springframework.test.context.support.DirtiesContextTestExecutionListener, org.springframework.test.context.transaction.TransactionalTestExecutionListener, org.springframework.test.context.jdbc.SqlScriptsTestExecutionListener, org.springframework.test.context.event.EventPublishingTestExecutionListener]
2020-11-10 12:32:31.709  INFO 29508 --- [    Test worker] .b.t.c.SpringBootTestContextBootstrapper : Using TestExecutionListeners: [org.springframework.test.context.web.ServletTestExecutionListener@ecbb5ce, org.springframework.test.context.support.DirtiesContextBeforeModesTestExecutionListener@76c55cf0, org.springframework.boot.test.mock.mockito.MockitoTestExecutionListener@54611a95, org.springframework.boot.test.autoconfigure.SpringBootDependencyInjectionTestExecutionListener@12cc29fb, org.springframework.test.context.support.DirtiesContextTestExecutionListener@41fa8ba9, org.springframework.test.context.transaction.TransactionalTestExecutionListener@1d047dba, org.springframework.test.context.jdbc.SqlScriptsTestExecutionListener@41ed693d, org.springframework.test.context.event.EventPublishingTestExecutionListener@321d030a, org.springframework.boot.test.autoconfigure.restdocs.RestDocsTestExecutionListener@272f7123, org.springframework.boot.test.autoconfigure.web.client.MockRestServiceServerResetTestExecutionListener@197831d1, org.springframework.boot.test.autoconfigure.web.servlet.MockMvcPrintOnlyOnFailureTestExecutionListener@33760742, org.springframework.boot.test.autoconfigure.web.servlet.WebDriverTestExecutionListener@69295775, org.springframework.boot.test.mock.mockito.ResetMocksTestExecutionListener@35d3951a]
2020-11-10 12:32:31.725 DEBUG 29508 --- [o-auto-1-exec-7] c.m.c.controller.EmployeeController      : Received employee create request for [com.mindex.challenge.data.Employee@789b4f3e]
2020-11-10 12:32:31.725 DEBUG 29508 --- [o-auto-1-exec-7] c.m.c.service.impl.EmployeeServiceImpl   : Creating employee [com.mindex.challenge.data.Employee@789b4f3e]
2020-11-10 12:32:31.743 DEBUG 29508 --- [o-auto-1-exec-8] c.m.c.controller.EmployeeController      : Received employee create request for [com.mindex.challenge.data.Employee@62e210fb]
2020-11-10 12:32:31.743 DEBUG 29508 --- [o-auto-1-exec-8] c.m.c.service.impl.EmployeeServiceImpl   : Creating employee [com.mindex.challenge.data.Employee@62e210fb]
2020-11-10 12:32:31.757 DEBUG 29508 --- [o-auto-1-exec-9] c.m.c.c.ReportingStructureController     : Received reporting structure read request for employee id [1c556ebd-92b6-4191-a844-8b0d16cf1888]
2020-11-10 12:32:31.758 DEBUG 29508 --- [o-auto-1-exec-9] c.m.c.s.i.ReportingStructureServiceImpl  : Reading employee with id [1c556ebd-92b6-4191-a844-8b0d16cf1888]
2020-11-10 12:32:31.762 DEBUG 29508 --- [o-auto-1-exec-9] c.m.c.s.i.ReportingStructureServiceImpl  : Calculating total number of reports for id [1c556ebd-92b6-4191-a844-8b0d16cf1888]
]]></system-out>
  <system-err><![CDATA[]]></system-err>
</testsuite>
